<?xml version="1.0" encoding="UTF-8"?>
<testng-results ignored="0" total="1" passed="1" failed="0" skipped="0">
  <reporter-output>
  </reporter-output>
  <suite started-at="2019-09-15T21:38:45Z" name="Default suite" finished-at="2019-09-15T21:39:02Z" duration-ms="17803">
    <groups>
    </groups>
    <test started-at="2019-09-15T21:38:45Z" name="Default test" finished-at="2019-09-15T21:39:02Z" duration-ms="17803">
      <class name="Tests.config">
        <test-method is-config="true" signature="beforeClass()[pri:0, instance:Tests.config@38afe297]" started-at="2019-09-15T21:38:45Z" name="beforeClass" finished-at="2019-09-15T21:38:45Z" duration-ms="31" status="PASS">
          <reporter-output>
          </reporter-output>
        </test-method> <!-- beforeClass -->
        <test-method signature="f()[pri:0, instance:Tests.config@38afe297]" started-at="2019-09-15T21:38:45Z" name="f" finished-at="2019-09-15T21:39:02Z" duration-ms="17715" status="PASS">
          <reporter-output>
          </reporter-output>
        </test-method> <!-- f -->
        <test-method is-config="true" signature="afterClass()[pri:0, instance:Tests.config@38afe297]" started-at="2019-09-15T21:39:02Z" name="afterClass" finished-at="2019-09-15T21:39:02Z" duration-ms="0" status="PASS">
          <reporter-output>
          </reporter-output>
        </test-method> <!-- afterClass -->
      </class> <!-- Tests.config -->
    </test> <!-- Default test -->
  </suite> <!-- Default suite -->
</testng-results>
